TN:
SF:App.tsx
FN:8,App
FNF:1
FNH:1
FNDA:2,App
DA:9,2
DA:10,2
DA:20,1
LF:3
LH:3
BRF:0
BRH:0
end_of_record
TN:
SF:src\screens\Home.tsx
FN:15,(anonymous_0)
FN:27,(anonymous_1)
FN:34,(anonymous_2)
FNF:3
FNH:3
FNDA:4,(anonymous_0)
FNDA:1,(anonymous_1)
FNDA:1,(anonymous_2)
DA:15,2
DA:16,4
DA:18,4
DA:20,4
DA:27,1
DA:35,1
LF:6
LH:6
BRF:0
BRH:0
end_of_record
TN:
SF:src\screens\Lots.tsx
FN:26,(anonymous_0)
FN:39,(anonymous_1)
FN:43,(anonymous_2)
FN:44,(anonymous_3)
FN:47,drawLots
FN:60,getRandom
FN:65,handleAdd
FN:76,(anonymous_7)
FN:82,handleRemove
FN:87,calculateHrsAmt
FN:108,(anonymous_10)
FN:120,(anonymous_11)
FN:131,(anonymous_12)
FN:134,(anonymous_13)
FN:152,(anonymous_14)
FN:163,(anonymous_15)
FN:177,(anonymous_16)
FN:184,(anonymous_17)
FN:188,(anonymous_18)
FN:207,(anonymous_19)
FN:230,(anonymous_20)
FN:234,(anonymous_21)
FN:274,(anonymous_22)
FNF:23
FNH:13
FNDA:9,(anonymous_0)
FNDA:1,(anonymous_1)
FNDA:2,(anonymous_2)
FNDA:2,(anonymous_3)
FNDA:1,drawLots
FNDA:1,getRandom
FNDA:3,handleAdd
FNDA:0,(anonymous_7)
FNDA:0,handleRemove
FNDA:0,calculateHrsAmt
FNDA:0,(anonymous_10)
FNDA:2,(anonymous_11)
FNDA:2,(anonymous_12)
FNDA:0,(anonymous_13)
FNDA:1,(anonymous_14)
FNDA:0,(anonymous_15)
FNDA:0,(anonymous_16)
FNDA:0,(anonymous_17)
FNDA:0,(anonymous_18)
FNDA:0,(anonymous_19)
FNDA:16,(anonymous_20)
FNDA:2,(anonymous_21)
FNDA:1,(anonymous_22)
DA:26,2
DA:27,9
DA:28,9
DA:29,9
DA:30,9
DA:31,9
DA:32,9
DA:33,9
DA:34,9
DA:36,9
DA:37,9
DA:39,9
DA:40,1
DA:43,9
DA:44,2
DA:48,1
DA:49,1
DA:50,2
DA:57,1
DA:61,1
DA:62,1
DA:66,3
DA:67,3
DA:68,3
DA:69,1
DA:71,3
DA:72,3
DA:75,0
DA:76,0
DA:77,0
DA:83,0
DA:84,0
DA:88,0
DA:91,0
DA:92,0
DA:93,0
DA:94,0
DA:96,0
DA:97,0
DA:99,0
DA:103,9
DA:108,0
DA:121,2
DA:132,2
DA:133,0
DA:135,0
DA:145,0
DA:153,1
DA:164,0
DA:178,0
DA:179,0
DA:185,0
DA:187,0
DA:189,0
DA:199,0
DA:200,0
DA:201,0
DA:208,0
DA:209,0
DA:210,0
DA:231,16
DA:235,2
DA:236,2
DA:274,1
LF:64
LH:35
BRDA:67,0,0,3
BRDA:67,0,1,0
BRDA:68,1,0,1
BRDA:68,1,1,2
BRDA:71,2,0,3
BRDA:71,2,1,0
BRDA:83,3,0,0
BRDA:83,3,1,0
BRDA:96,4,0,0
BRDA:96,4,1,0
BRDA:132,5,0,0
BRDA:132,5,1,2
BRDA:135,6,0,0
BRDA:135,6,1,0
BRDA:189,7,0,0
BRDA:189,7,1,0
BRDA:236,8,0,2
BRDA:236,8,1,0
BRDA:242,9,0,16
BRDA:242,9,1,0
BRDA:255,10,0,16
BRDA:255,10,1,0
BRF:22
BRH:8
end_of_record
TN:
SF:src\styles\style.ts
FNF:0
FNH:0
DA:5,3
LF:1
LH:1
BRF:0
BRH:0
end_of_record
